<?xml version="1.0" encoding="UTF-8"?>
<!-- Generated by org.testng.reporters.JUnitReportReporter -->
<testsuite hostname="Princes-MacBook-Air.local" failures="0" tests="1" name="frontend.tests.HandlePopUp" time="16.347" errors="0" timestamp="2025-08-31T18:03:27 IST" skipped="0">
  <testcase classname="frontend.tests.HandlePopUp" name="fillInputBox" time="16.347"/>
</testsuite> <!-- frontend.tests.HandlePopUp -->
