<?xml version="1.0" encoding="UTF-8"?>
<!-- Generated by org.testng.reporters.JUnitReportReporter -->
<testsuite hostname="Princes-MacBook-Air.local" failures="0" tests="1" name="frontend.tests.PageLoadTest" time="3.007" errors="0" timestamp="2025-08-31T17:21:00 IST" skipped="0">
  <testcase classname="frontend.tests.PageLoadTest" name="verifyPageLoad" time="3.007"/>
</testsuite> <!-- frontend.tests.PageLoadTest -->
