<?xml version="1.0" encoding="UTF-8"?>
<!-- Generated by org.testng.reporters.JUnitReportReporter -->
<testsuite hostname="Princes-MacBook-Air.local" failures="0" tests="3" name="frontend.tests.PageLoadTest" time="63.608" errors="0" timestamp="2025-09-01T15:27:04 IST" skipped="0">
  <testcase classname="frontend.tests.PageLoadTest" name="verifyPageLoad" time="13.428"/>
  <testcase classname="frontend.tests.PageLoadTest" name="verifyPageLoad" time="5.852"/>
  <testcase classname="frontend.tests.PageLoadTest" name="verifyPageLoad" time="44.328"/>
</testsuite> <!-- frontend.tests.PageLoadTest -->
