<?xml version="1.0" encoding="UTF-8"?>
<!-- Generated by org.testng.reporters.JUnitReportReporter -->
<testsuite hostname="Princes-MacBook-Air.local" failures="0" tests="2" name="backend.tests.APITest" time="2.660" errors="0" timestamp="2025-09-01T15:27:04 IST" skipped="0">
  <testcase classname="backend.tests.APITest" name="validateHttpsAndSecurityHeaders" time="1.726"/>
  <testcase classname="backend.tests.APITest" name="validatePublicEndpoint" time="0.934"/>
</testsuite> <!-- backend.tests.APITest -->
