<?xml version="1.0" encoding="UTF-8"?>
<!-- Generated by org.testng.reporters.JUnitReportReporter -->
<testsuite hostname="Princes-MacBook-Air.local" failures="0" tests="2" name="frontend.tests.HandlePopUp" time="34.524" errors="0" timestamp="2025-09-01T15:27:04 IST" skipped="0">
  <testcase classname="frontend.tests.HandlePopUp" name="fillInputBox" time="16.004"/>
  <testcase classname="frontend.tests.HandlePopUp" name="getProgramVisible" time="18.520"/>
</testsuite> <!-- frontend.tests.HandlePopUp -->
