<?xml version="1.0" encoding="UTF-8"?>
<!-- Generated by org.testng.reporters.JUnitReportReporter -->
<testsuite hostname="Princes-MacBook-Air.local" failures="0" tests="2" name="backend.tests.APITest" time="2.597" errors="0" timestamp="2025-09-01T15:00:50 IST" skipped="0">
  <testcase classname="backend.tests.APITest" name="validatePublicEndpoint" time="0.908"/>
  <testcase classname="backend.tests.APITest" name="validateHttpsAndSecurityHeaders" time="1.689"/>
</testsuite> <!-- backend.tests.APITest -->
