<?xml version="1.0" encoding="UTF-8"?>
<!-- Generated by org.testng.reporters.JUnitReportReporter -->
<testsuite hostname="Princes-MacBook-Air.local" failures="0" tests="2" name="frontend.tests.HandlePopUp" time="31.367" errors="0" timestamp="2025-09-01T11:29:48 IST" skipped="0">
  <testcase classname="frontend.tests.HandlePopUp" name="getProgramVisible" time="16.319"/>
  <testcase classname="frontend.tests.HandlePopUp" name="fillInputBox" time="15.048"/>
</testsuite> <!-- frontend.tests.HandlePopUp -->
